<!DOCTYPE html PUBLIC "-//W3C//DTD XHTML 1.1//EN" "https://www.w3.org/TR/xhtml11/DTD/xhtml11.dtd">
<html xmlns="https://www.w3.org/1999/xhtml">
<head>
<meta http-equiv="content-type" content="text/html; charset=UTF-8"/>
<title>TestNG Report</title>
<style type="text/css">table {margin-bottom:10px;border-collapse:collapse;empty-cells:show}th,td {border:1px solid #009;padding:.25em .5em}th {vertical-align:bottom}td {vertical-align:top}table a {font-weight:bold}.stripe td {background-color: #E6EBF9}.num {text-align:right}.passedodd td {background-color: #3F3}.passedeven td {background-color: #0A0}.skippedodd td {background-color: #DDD}.skippedeven td {background-color: #CCC}.failedodd td,.attn {background-color: #F33}.failedeven td,.stripe .attn {background-color: #D00}.stacktrace {white-space:pre;font-family:monospace}.totop {font-size:85%;text-align:center;border-bottom:2px solid #000}.invisible {display:none}</style>
</head>
<body>
<table>
<tr><th>Test</th><th># Passed</th><th># Skipped</th><th># Retried</th><th># Failed</th><th>Time (ms)</th><th>Included Groups</th><th>Excluded Groups</th></tr>
<tr><th colspan="8">fields_validation_test</th></tr>
<tr><td><a href="#t0">Address_check</a></td><td class="num">3</td><td class="num">0</td><td class="num">0</td><td class="num attn">4</td><td class="num">59 734</td><td></td><td></td></tr>
</table>
<table id='summary'><thead><tr><th>Class</th><th>Method</th><th>Start</th><th>Time (ms)</th></tr></thead><tbody><tr><th colspan="4">fields_validation_test</th></tr></tbody><tbody id="t0"><tr><th colspan="4">Address_check &#8212; failed</th></tr><tr class="failedeven"><td rowspan="4">fieldsvalidationtests.Address_check</td><td><a href="#m0">checkNameFieldNegative</a></td><td rowspan="4">1637674242742</td><td rowspan="4">10886</td></tr><tr class="failedeven"><td><a href="#m1">checkNameFieldNegative</a></td></tr><tr class="failedeven"><td><a href="#m2">checkNameFieldNegative</a></td></tr><tr class="failedeven"><td><a href="#m3">checkNameFieldNegative</a></td></tr><tr><th colspan="4">Address_check &#8212; passed</th></tr><tr class="passedeven"><td rowspan="3">fieldsvalidationtests.Address_check</td><td><a href="#m4">checkNameFieldNegative</a></td><td rowspan="1">1637674209737</td><td rowspan="1">779</td></tr><tr class="passedeven"><td><a href="#m5">checkNameFieldPositive</a></td><td rowspan="2">1637674259431</td><td rowspan="2">5748</td></tr><tr class="passedeven"><td><a href="#m6">checkNameFieldPositive</a></td></tr></tbody>
</table>
<h2>Address_check</h2><h3 id="m0">fieldsvalidationtests.Address_check#checkNameFieldNegative</h3><table class="result"><tr class="param"><th>Parameter #1</th><th>Parameter #2</th><th>Parameter #3</th></tr><tr class="param stripe"><td>فحص</td><td>false</td><td>arabic</td></tr><tr><th colspan="3">Exception</th></tr><tr><td colspan="3"><div class="stacktrace">java.lang.AssertionError: expected [no some error message , value: فحص] but found [3 no error message: arabic]
	at fieldsvalidationtests.Address_check.checkNameFieldNegative(Address_check.java:85)
	at java.base/java.util.ArrayList.forEach(ArrayList.java:1510)
	at com.intellij.rt.testng.IDEARemoteTestNG.run(IDEARemoteTestNG.java:66)
	at com.intellij.rt.testng.RemoteTestNGStarter.main(RemoteTestNGStarter.java:110)
... Removed 30 stack frames</div></td></tr></table><p class="totop"><a href="#summary">back to summary</a></p>
<h3 id="m1">fieldsvalidationtests.Address_check#checkNameFieldNegative</h3><table class="result"><tr class="param"><th>Parameter #1</th><th>Parameter #2</th><th>Parameter #3</th></tr><tr class="param stripe"><td>opvvcvcdufajpgsxkbfaftttficilxlfsfgseerwfrlhhonunvrvrcbexwooliovllxdsokgdmrrnopugscrrjupiwbbzxdwqcwm</td><td>false</td><td>length100</td></tr><tr><th colspan="3">Exception</th></tr><tr><td colspan="3"><div class="stacktrace">java.lang.AssertionError: expected [no some error message , value: opvvcvcdufajpgsxkbfaftttficilxlfsfgseerwfrlhhonunvrvrcbexwooliovllxdsokgdmrrnopugscrrjupiwbbzxdwqcwm] but found [3 no error message: length100]
	at fieldsvalidationtests.Address_check.checkNameFieldNegative(Address_check.java:85)
	at java.base/java.util.ArrayList.forEach(ArrayList.java:1510)
	at com.intellij.rt.testng.IDEARemoteTestNG.run(IDEARemoteTestNG.java:66)
	at com.intellij.rt.testng.RemoteTestNGStarter.main(RemoteTestNGStarter.java:110)
... Removed 30 stack frames</div></td></tr></table><p class="totop"><a href="#summary">back to summary</a></p>
<h3 id="m2">fieldsvalidationtests.Address_check#checkNameFieldNegative</h3><table class="result"><tr class="param"><th>Parameter #1</th><th>Parameter #2</th><th>Parameter #3</th></tr><tr class="param stripe"><td>検査</td><td>false</td><td>japanese</td></tr><tr><th colspan="3">Exception</th></tr><tr><td colspan="3"><div class="stacktrace">java.lang.AssertionError: expected [no some error message , value: 検査] but found [3 no error message: japanese]
	at fieldsvalidationtests.Address_check.checkNameFieldNegative(Address_check.java:85)
	at java.base/java.util.ArrayList.forEach(ArrayList.java:1510)
	at com.intellij.rt.testng.IDEARemoteTestNG.run(IDEARemoteTestNG.java:66)
	at com.intellij.rt.testng.RemoteTestNGStarter.main(RemoteTestNGStarter.java:110)
... Removed 30 stack frames</div></td></tr></table><p class="totop"><a href="#summary">back to summary</a></p>
<h3 id="m3">fieldsvalidationtests.Address_check#checkNameFieldNegative</h3><table class="result"><tr class="param"><th>Parameter #1</th><th>Parameter #2</th><th>Parameter #3</th></tr><tr class="param stripe"><td>Aa!@#$%^&amp;*()-_+=`~/\,.?&gt;&lt;|b /ыйієж</td><td>false</td><td>special character</td></tr><tr><th colspan="3">Exception</th></tr><tr><td colspan="3"><div class="stacktrace">java.lang.AssertionError: expected [no some error message , value: Aa!@#$%^&amp;*()-_+=`~/\,.?&gt;&lt;|b /ыйієж] but found [3 no error message: special character]
	at fieldsvalidationtests.Address_check.checkNameFieldNegative(Address_check.java:85)
	at java.base/java.util.ArrayList.forEach(ArrayList.java:1510)
	at com.intellij.rt.testng.IDEARemoteTestNG.run(IDEARemoteTestNG.java:66)
	at com.intellij.rt.testng.RemoteTestNGStarter.main(RemoteTestNGStarter.java:110)
... Removed 30 stack frames</div></td></tr></table><p class="totop"><a href="#summary">back to summary</a></p>
<h3 id="m4">fieldsvalidationtests.Address_check#checkNameFieldNegative</h3><table class="result"><tr class="param"><th>Parameter #1</th><th>Parameter #2</th><th>Parameter #3</th></tr><tr class="param stripe"><td>h</td><td>false</td><td>length&lt;2</td></tr></table><p class="totop"><a href="#summary">back to summary</a></p>
<h3 id="m5">fieldsvalidationtests.Address_check#checkNameFieldPositive</h3><table class="result"><tr class="param"><th>Parameter #1</th><th>Parameter #2</th></tr><tr class="param stripe"><td>abc_12_def 12, kv 123</td><td>true</td></tr></table><p class="totop"><a href="#summary">back to summary</a></p>
<h3 id="m6">fieldsvalidationtests.Address_check#checkNameFieldPositive</h3><table class="result"><tr class="param"><th>Parameter #1</th><th>Parameter #2</th></tr><tr class="param stripe"><td>Ivan</td><td>true</td></tr></table><p class="totop"><a href="#summary">back to summary</a></p>
</body>
</html>
